2023-10-23 18:38:44 admin LOGIN
2023-10-23 18:38:47 admin LOGOUT
2023-10-23 18:38:53 gude LOGIN
2023-10-23 18:38:54 gude LOGOUT
2023-10-23 19:07:26 admin LOGIN
2023-10-23 19:07:46 admin LOGOUT
2023-10-23 19:07:52 tato LOGIN
2023-10-23 19:08:01 tato LOGOUT
2023-10-23 19:08:05 tato LOGIN
2023-10-27 15:41:33 admin LOGIN
2023-10-27 15:41:53 admin LOGOUT
2023-10-27 15:43:09 admin LOGIN
2023-10-27 15:48:56 admin LOGIN
2023-10-27 15:58:35 admin LOGIN
2023-10-27 16:00:23 admin LOGIN
2023-10-27 16:00:53 admin LOGIN
2023-10-27 16:04:12 admin LOGIN
2023-10-27 16:06:25 admin LOGIN
2023-10-27 16:28 admin LOGIN
2023-10-27 16:34:01 admin LOGIN
2023-10-27 16:36:58 admin LOGIN
2023-10-27 16:42:47 admin LOGIN
2023-10-27 16:52:28 admin LOGIN
2023-10-27 16:57:43 admin LOGIN
2023-10-27 16:59:27 admin LOGIN
2023-10-27 17:00:21 admin LOGIN
2023-10-27 17:01:11 admin LOGIN
2023-10-27 17:01:43 admin LOGOUT
2023-10-27 17:01:49 gude LOGIN
2023-10-27 17:02:54 gude LOGOUT
2023-10-27 17:02:56 gude LOGIN
2023-10-27 17:03:05 gude LOGOUT
2023-10-27 17:03:11 gude LOGIN
2023-10-27 17:05:25 admin LOGIN
2023-10-27 17:08:13 admin LOGIN
2023-10-27 17:08:33 admin LOGOUT
2023-10-27 17:08:41 gude LOGIN
2023-10-27 17:09:04 gude LOGOUT
2023-10-27 17:09:13 gude LOGIN
2023-10-30 16:28:48 admin LOGIN
2023-10-30 16:31:07 admin LOGOUT
2023-10-30 16:31:14 gude LOGIN
2023-10-30 16:31:17 gude LOGOUT
2023-10-30 16:32:25 gude LOGIN
2023-10-30 16:32:35 gude LOGOUT
2023-10-30 16:42:32 gude LOGIN
2023-10-30 16:42:59 gude LOGOUT
2023-10-30 16:43:08 admin LOGIN
2023-10-30 16:52:30 gude LOGIN
2023-10-30 16:53:28 gude LOGIN
2023-10-30 17:01:33 admin LOGIN
2023-10-30 17:44:18 admin LOGIN
2023-10-30 17:46:57 admin LOGIN
2023-10-30 17:48:34 admin LOGIN
2023-10-30 18:26:41 admin LOGIN
2023-10-30 18:28:13 admin LOGIN
2023-10-30 18:29:05 admin LOGOUT
2023-10-30 18:32:28 admin LOGIN
2023-10-30 18:32:31 admin LOGOUT
2023-10-30 18:33:05 admin LOGIN
2023-10-30 18:33:33 admin LOGOUT
2023-10-30 18:33:38 dam LOGIN
2023-10-30 18:33:39 dam LOGOUT
2023-10-30 18:33:41 dam LOGIN
2023-10-30 18:53:28 admin LOGIN
2023-10-30 18:54:20 admin LOGOUT
2023-10-30 18:54:30 paulo LOGIN
2023-10-30 18:54:36 paulo LOGOUT
2023-10-30 18:54:41 paulo LOGIN
2023-10-30 19:03:11 admin LOGIN
2023-11-06 16:34:02 admin LOGIN
2023-11-06 17:36 admin LOGIN
2023-11-06 17:42:06 admin LOGIN
2023-11-06 17:42:25 admin LOGOUT
2023-11-06 17:42:31 gude LOGIN
2023-11-06 17:42:37 gude LOGOUT
2023-11-06 18:53:32 admin LOGIN
2023-11-06 18:53:35 admin LOGOUT
2023-11-06 18:53:39 admin LOGIN
2023-11-06 18:53:56 admin LOGIN
2023-11-06 18:54:18 admin LOGOUT
2023-11-06 18:54:24 gude LOGIN
2023-11-06 18:54:28 gude LOGOUT
2023-11-06 19:02:10 gude LOGIN
2023-11-06 19:02:12 gude LOGOUT
2023-11-09 17:53:20 gude LOGIN
2023-11-09 19:45:57 admin LOGIN
2023-11-09 19:46:17 admin LOGOUT
2023-11-09 19:46:25 for LOGIN
2023-11-13 16:28:57 admin LOGIN
2023-11-13 16:42:07 admin LOGIN
2023-11-13 16:42:41 gude LOGIN
2023-11-13 16:46:56 admin LOGIN
2023-11-13 16:47:14 admin LOGOUT
2023-11-13 16:47:21 for LOGIN
2023-11-13 16:47:24 for LOGOUT
2023-11-13 16:49:01 gude LOGIN
2023-11-13 16:49:15 gude LOGIN
2023-11-13 16:49:36 admin LOGIN
2023-11-13 16:49:40 admin LOGOUT
2023-11-13 16:50:12 admin LOGIN
2023-11-13 16:50:16 admin LOGOUT
2023-11-13 16:50:20 admin LOGIN
2023-11-13 16:50:54 for LOGIN
2023-11-13 16:51:16 for LOGIN
2023-11-13 16:52:13 for LOGIN
2023-11-13 16:52:14 for LOGOUT
2023-11-13 16:52:44 admin LOGIN
2023-11-13 16:52:55 admin LOGOUT
2023-11-13 16:52:59 for LOGIN
2023-11-13 16:53:03 for LOGOUT
2023-11-13 16:56:53 admin LOGIN
2023-11-13 16:57:18 admin LOGOUT
2023-11-13 16:57:26 for LOGIN
2023-11-13 16:57:31 for LOGOUT
2023-11-13 16:57:46 gude LOGIN
2023-11-13 17:33:22 gude LOGIN
2023-11-14 18:54:06 admin LOGIN
2023-11-14 18:54:32 admin LOGIN
2023-11-14 18:55:31 admin LOGIN
2023-11-14 19:23:28 admin LOGIN
